<?xml version="1.0" encoding="UTF-8"?>
<!-- Generated by org.testng.reporters.JUnitReportReporter -->
<testsuite hostname="LAPTOP-5UPL97SO" failures="0" tests="1" name="Utility.TC006" time="0.450" errors="0" timestamp="2023-01-19T12:30:35 IST" skipped="0">
  <testcase classname="Utility.TC006" name="verifytheincompletcredentials" time="0.450"/>
  <system-out/>
</testsuite> <!-- Utility.TC006 -->
