<?xml version="1.0" encoding="UTF-8"?>
<!-- Generated by org.testng.reporters.JUnitReportReporter -->
<testsuite hostname="LAPTOP-5UPL97SO" failures="0" tests="1" name="Utility.TC005" time="0.521" errors="0" timestamp="2023-01-19T12:22:11 IST" skipped="0">
  <testcase classname="Utility.TC005" name="verifytheincompletcredentials" time="0.521"/>
  <system-out/>
</testsuite> <!-- Utility.TC005 -->
