<?xml version="1.0" encoding="UTF-8"?>
<!-- Generated by org.testng.reporters.JUnitReportReporter -->
<testsuite hostname="LAPTOP-5UPL97SO" failures="0" tests="1" name="Utility.TC003" time="0.016" errors="0" timestamp="2023-01-19T11:48:21 IST" skipped="0">
  <testcase classname="Utility.TC003" name="login" time="0.016"/>
  <system-out/>
</testsuite> <!-- Utility.TC003 -->
