<?xml version="1.0" encoding="UTF-8"?>
<!-- Generated by org.testng.reporters.JUnitReportReporter -->
<testsuite hostname="LAPTOP-5UPL97SO" failures="0" tests="1" name="Utility.TC001" time="0.191" errors="0" timestamp="2023-01-19T11:11:29 IST" skipped="0">
  <testcase classname="Utility.TC001" name="login" time="0.191"/>
  <system-out/>
</testsuite> <!-- Utility.TC001 -->
