<?xml version="1.0" encoding="UTF-8"?>
<!-- Generated by org.testng.reporters.JUnitReportReporter -->
<testsuite hostname="LAPTOP-5UPL97SO" failures="0" tests="1" name="Utility.TC007" time="3.739" errors="0" timestamp="2023-01-19T12:40:06 IST" skipped="0">
  <testcase classname="Utility.TC007" name="verifyradiobutton" time="3.739"/>
  <system-out/>
</testsuite> <!-- Utility.TC007 -->
