<?xml version="1.0" encoding="UTF-8"?>
<!-- Generated by org.testng.reporters.JUnitReportReporter -->
<testsuite hostname="LAPTOP-5UPL97SO" failures="0" tests="1" name="Utility.TC004" time="0.357" errors="0" timestamp="2023-01-19T12:09:30 IST" skipped="0">
  <testcase classname="Utility.TC004" name="verifyErrormsg" time="0.357"/>
  <system-out/>
</testsuite> <!-- Utility.TC004 -->
